<?xml version="1.0" encoding="UTF-8"?>
<!-- Generated by org.testng.reporters.JUnitReportReporter -->
<testsuite hostname="DESKTOP-R1BQD8J" failures="0" tests="14" name="com.bellatrix.runnerclass.RunnerHomePage" time="5.872" errors="13" timestamp="2023-11-03T13:42:14 IST" skipped="0">
  <testcase classname="com.bellatrix.runnerclass.RunnerHomePage" name="runScenario" time="4.041">
    <error type="java.lang.NullPointerException">
      <![CDATA[java.lang.NullPointerException
at org.openqa.selenium.support.pagefactory.DefaultElementLocator.findElement(DefaultElementLocator.java:68)
at org.openqa.selenium.support.pagefactory.internal.LocatingElementHandler.invoke(LocatingElementHandler.java:38)
at com.sun.proxy.$Proxy24.click(Unknown Source)
at com.bellatrix.pages.HomePage.clickOnDropDownList(HomePage.java:77)
at com.bellatrix.stepDefination.HomePageTestCase.click_on_drop_down_list(HomePageTestCase.java:97)
at ✽.click on dropDown List(file:///C:/Users/DELL/eclipse-workspace/Test/Bellatrix/src/test/resources/Feature/HomePage.feature:31)
]]>
    </error>
  </testcase> <!-- runScenario -->
  <testcase classname="com.bellatrix.runnerclass.RunnerHomePage" name="runScenario" time="0.440">
    <error type="java.lang.NullPointerException">
      <![CDATA[java.lang.NullPointerException
at com.bellatrix.utilities.FileUtil.getRowFromExcel(FileUtil.java:84)
at com.bellatrix.stepDefination.HomePageTestCase.i_have(HomePageTestCase.java:38)
at ✽.I have 2(file:///C:/Users/DELL/eclipse-workspace/Test/Bellatrix/src/test/resources/Feature/HomePage.feature:17)
]]>
    </error>
  </testcase> <!-- runScenario -->
  <testcase classname="com.bellatrix.runnerclass.RunnerHomePage" name="runScenario" time="0.042">
    <error type="java.lang.NullPointerException">
      <![CDATA[java.lang.NullPointerException
at com.bellatrix.utilities.FileUtil.getRowFromExcel(FileUtil.java:84)
at com.bellatrix.stepDefination.HomePageTestCase.i_have(HomePageTestCase.java:38)
at ✽.I have 3(file:///C:/Users/DELL/eclipse-workspace/Test/Bellatrix/src/test/resources/Feature/HomePage.feature:17)
]]>
    </error>
  </testcase> <!-- runScenario -->
  <testcase classname="com.bellatrix.runnerclass.RunnerHomePage" name="runScenario" time="0.036">
    <error type="java.lang.NullPointerException">
      <![CDATA[java.lang.NullPointerException
at org.openqa.selenium.support.pagefactory.DefaultElementLocator.findElement(DefaultElementLocator.java:68)
at org.openqa.selenium.support.pagefactory.internal.LocatingElementHandler.invoke(LocatingElementHandler.java:38)
at com.sun.proxy.$Proxy24.sendKeys(Unknown Source)
at com.bellatrix.pages.HomePage.searchBox(HomePage.java:34)
at com.bellatrix.stepDefination.HomePageTestCase.search_the_product(HomePageTestCase.java:108)
at ✽.Search the product(file:///C:/Users/DELL/eclipse-workspace/Test/Bellatrix/src/test/resources/Feature/HomePage.feature:36)
]]>
    </error>
  </testcase> <!-- runScenario -->
  <testcase classname="com.bellatrix.runnerclass.RunnerHomePage" name="runScenario" time="0.016">
    <error type="java.lang.NullPointerException">
      <![CDATA[java.lang.NullPointerException
at org.openqa.selenium.support.pagefactory.DefaultElementLocator.findElement(DefaultElementLocator.java:68)
at org.openqa.selenium.support.pagefactory.internal.LocatingElementHandler.invoke(LocatingElementHandler.java:38)
at com.sun.proxy.$Proxy24.sendKeys(Unknown Source)
at com.bellatrix.pages.HomePage.searchBox(HomePage.java:34)
at com.bellatrix.stepDefination.HomePageTestCase.insertCaracter(HomePageTestCase.java:124)
at ✽.Application must be open And insert first letter in searchBox(file:///C:/Users/DELL/eclipse-workspace/Test/Bellatrix/src/test/resources/Feature/HomePage.feature:41)
]]>
    </error>
  </testcase> <!-- runScenario -->
  <testcase classname="com.bellatrix.runnerclass.RunnerHomePage" name="runScenario" time="0.137"/>
  <testcase classname="com.bellatrix.runnerclass.RunnerHomePage" name="runScenario" time="0.023">
    <error type="java.lang.NullPointerException">
      <![CDATA[java.lang.NullPointerException
at com.bellatrix.utilities.FileUtil.getRowFromExcel(FileUtil.java:84)
at com.bellatrix.stepDefination.HomePageTestCase.i_Have(HomePageTestCase.java:139)
at ✽.I Have 1(file:///C:/Users/DELL/eclipse-workspace/Test/Bellatrix/src/test/resources/Feature/HomePage.feature:45)
]]>
    </error>
  </testcase> <!-- runScenario -->
  <testcase classname="com.bellatrix.runnerclass.RunnerHomePage" name="runScenario" time="0.528">
    <error type="java.lang.NullPointerException">
      <![CDATA[java.lang.NullPointerException
at org.openqa.selenium.support.pagefactory.DefaultElementLocator.findElement(DefaultElementLocator.java:68)
at org.openqa.selenium.support.pagefactory.internal.LocatingElementHandler.invoke(LocatingElementHandler.java:38)
at com.sun.proxy.$Proxy24.sendKeys(Unknown Source)
at com.bellatrix.pages.HomePage.searchBox(HomePage.java:34)
at com.bellatrix.stepDefination.HomePageTestCase.user_searches_falcon_in_search_component(HomePageTestCase.java:71)
at ✽.User searches Falcon in searchComponent(file:///C:/Users/DELL/eclipse-workspace/Test/Bellatrix/src/test/resources/Feature/HomePage.feature:8)
]]>
    </error>
  </testcase> <!-- runScenario -->
  <testcase classname="com.bellatrix.runnerclass.RunnerHomePage" name="runScenario" time="0.076">
    <error type="java.lang.NullPointerException">
      <![CDATA[java.lang.NullPointerException
at com.bellatrix.utilities.FileUtil.getRowFromExcel(FileUtil.java:84)
at com.bellatrix.stepDefination.HomePageTestCase.i_have(HomePageTestCase.java:38)
at ✽.I have 4(file:///C:/Users/DELL/eclipse-workspace/Test/Bellatrix/src/test/resources/Feature/HomePage.feature:17)
]]>
    </error>
  </testcase> <!-- runScenario -->
  <testcase classname="com.bellatrix.runnerclass.RunnerHomePage" name="runScenario" time="0.090">
    <error type="java.lang.NullPointerException">
      <![CDATA[java.lang.NullPointerException
at com.bellatrix.utilities.FileUtil.getRowFromExcel(FileUtil.java:84)
at com.bellatrix.stepDefination.HomePageTestCase.i_Have(HomePageTestCase.java:139)
at ✽.I Have 5(file:///C:/Users/DELL/eclipse-workspace/Test/Bellatrix/src/test/resources/Feature/HomePage.feature:45)
]]>
    </error>
  </testcase> <!-- runScenario -->
  <testcase classname="com.bellatrix.runnerclass.RunnerHomePage" name="runScenario" time="0.050">
    <error type="java.lang.NullPointerException">
      <![CDATA[java.lang.NullPointerException
at com.bellatrix.utilities.FileUtil.getRowFromExcel(FileUtil.java:84)
at com.bellatrix.stepDefination.HomePageTestCase.i_Have(HomePageTestCase.java:139)
at ✽.I Have 2(file:///C:/Users/DELL/eclipse-workspace/Test/Bellatrix/src/test/resources/Feature/HomePage.feature:45)
]]>
    </error>
  </testcase> <!-- runScenario -->
  <testcase classname="com.bellatrix.runnerclass.RunnerHomePage" name="runScenario" time="0.086">
    <error type="java.lang.NullPointerException">
      <![CDATA[java.lang.NullPointerException
at com.bellatrix.utilities.FileUtil.getRowFromExcel(FileUtil.java:84)
at com.bellatrix.stepDefination.HomePageTestCase.i_Have(HomePageTestCase.java:139)
at ✽.I Have 4(file:///C:/Users/DELL/eclipse-workspace/Test/Bellatrix/src/test/resources/Feature/HomePage.feature:45)
]]>
    </error>
  </testcase> <!-- runScenario -->
  <testcase classname="com.bellatrix.runnerclass.RunnerHomePage" name="runScenario" time="0.233">
    <error type="java.lang.NullPointerException">
      <![CDATA[java.lang.NullPointerException
at com.bellatrix.utilities.FileUtil.getRowFromExcel(FileUtil.java:84)
at com.bellatrix.stepDefination.HomePageTestCase.i_have(HomePageTestCase.java:38)
at ✽.I have 1(file:///C:/Users/DELL/eclipse-workspace/Test/Bellatrix/src/test/resources/Feature/HomePage.feature:17)
]]>
    </error>
  </testcase> <!-- runScenario -->
  <testcase classname="com.bellatrix.runnerclass.RunnerHomePage" name="runScenario" time="0.074">
    <error type="java.lang.NullPointerException">
      <![CDATA[java.lang.NullPointerException
at com.bellatrix.utilities.FileUtil.getRowFromExcel(FileUtil.java:84)
at com.bellatrix.stepDefination.HomePageTestCase.i_Have(HomePageTestCase.java:139)
at ✽.I Have 3(file:///C:/Users/DELL/eclipse-workspace/Test/Bellatrix/src/test/resources/Feature/HomePage.feature:45)
]]>
    </error>
  </testcase> <!-- runScenario -->
</testsuite> <!-- com.bellatrix.runnerclass.RunnerHomePage -->
