<?xml version="1.0" encoding="UTF-8"?>
<!-- Generated by org.testng.reporters.JUnitReportReporter -->
<testsuite hostname="DESKTOP-R1BQD8J" failures="0" tests="1" name="com.bellatrix.runnerclass.RunnerLoginPage" time="42.351" errors="0" timestamp="2023-11-03T14:17:45 IST" skipped="0">
  <testcase classname="com.bellatrix.runnerclass.RunnerLoginPage" name="runScenario" time="42.351"/>
</testsuite> <!-- com.bellatrix.runnerclass.RunnerLoginPage -->
